<?xml version="1.0" encoding="UTF-8"?>
<!-- Generated by org.testng.reporters.JUnitXMLReporter -->
<testsuite ignored="0" hostname="admins-MacBook-Pro.local" failures="2" tests="2" name="Default test" time="8.679" errors="0" timestamp="2023-08-13T12:54:35 CEST">
  <testcase classname="io.cucumber.testng.AbstractTestNGCucumberTests" name="runScenario" time="7.926">
    <failure type="java.lang.NullPointerException">
      <![CDATA[java.lang.NullPointerException
at stepDefination.trelloAPISteps.verify_response_body_contains_the_board_id(trelloAPISteps.java:135)
at ✽.verify response body contains the board id(file:///Users/admin/eclipse-workspace/com.trello.APIAutomation/features/trelloApi.feature:19)
]]>
    </failure>
  </testcase> <!-- runScenario -->
  <testcase classname="io.cucumber.testng.AbstractTestNGCucumberTests" name="runScenario" time="0.217">
    <failure type="java.lang.NullPointerException">
      <![CDATA[java.lang.NullPointerException
at stepDefination.trelloAPISteps.sendDeleteRequest(trelloAPISteps.java:158)
at ✽.I send a DELETE request to the Trello API(file:///Users/admin/eclipse-workspace/com.trello.APIAutomation/features/trelloApi.feature:25)
]]>
    </failure>
  </testcase> <!-- runScenario -->
</testsuite> <!-- Default test -->
