<?xml version="1.0" encoding="UTF-8"?>
<testsuite xmlns:xsi="http://www.w3.org/2001/XMLSchema-instance" xsi:noNamespaceSchemaLocation="https://maven.apache.org/surefire/maven-surefire-plugin/xsd/surefire-test-report-3.0.xsd" version="3.0" name="TestSuite" time="21.875" tests="3" errors="0" skipped="0" failures="0">
  <properties>
[...]
</properties>
  <testcase name="runScenario[&quot;Retrieve board details using a valid request&quot;, &quot;Optional[Trello Board API Automation]&quot;](1)" classname="Runner.TestRunner" time="7.547">
    <system-out><![CDATA[================ BEFORE SUITE ================

@order1
Scenario: Retrieve board details using a valid request                                       &amp#27;[90m# features/trelloApi.feature:5&amp#27;[0m
  &amp#27;[32mWhen &amp#27;[0m&amp#27;[32mGET request is made to the Trello API&amp#27;[0m                                                 &amp#27;[90m# stepDefination.trelloAPISteps.get_request_is_made_to_the_trello_api()&amp#27;[0m
  &amp#27;[32mThen &amp#27;[0m&amp#27;[32mverify response status should be &amp#27;[0m&amp#27;[32m&amp#27;[1m200&amp#27;[0m                                                  &amp#27;[90m# stepDefination.trelloAPISteps.verifyStatusCode(int)&amp#27;[0m
HTTP/1.1 200 OK
Date: Sun, 13 Aug 2023 16:07:28 GMT
Content-Type: application/json; charset=utf-8
Content-Length: 3411
X-Dns-Prefetch-Control: off
Expect-Ct: max-age=0
X-Frame-Options: DENY
X-Download-Options: noopen
X-Permitted-Cross-Domain-Policies: none
Referrer-Policy: strict-origin-when-cross-origin
Surrogate-Control: no-store
Cache-Control: max-age=0, must-revalidate, no-cache, no-store
Pragma: no-cache
Expires: Thu, 01 Jan 1970 00:00:00
X-Trello-Version: 1.227590.0
X-Trello-Environment: Production
Set-Cookie: dsc=89d691c1ac59d7be347c8dee80ae6137eee03d5f14fbcf3390cebf58c544a309; Path=/; Expires=Sun, 27 Aug 2023 16:07:28 GMT; Secure; SameSite=None
Set-Cookie: preAuthProps=s%3A64d6006e64d1b1ce7f1e8396%3AisEnterpriseAdmin%3Dfalse.svyiplW08pusE2Drj5STsHzkz%2Ft7QYW%2FrJrhgXL0OnQ; Path=/; HttpOnly
Access-Control-Allow-Origin: *
Access-Control-Allow-Methods: GET, PUT, POST, DELETE
Access-Control-Allow-Headers: Authorization, Accept, Content-Type
Access-Control-Expose-Headers: x-rate-limit-api-key-interval-ms, x-rate-limit-api-key-max, x-rate-limit-api-key-remaining, x-rate-limit-api-token-interval-ms, x-rate-limit-api-token-max, x-rate-limit-api-token-remaining
X-Rate-Limit-Api-Token-Interval-Ms: 10000
X-Rate-Limit-Api-Token-Max: 100
X-Rate-Limit-Api-Token-Remaining: 99
X-Rate-Limit-Db-Query-Time-Interval-Ms: 600000
X-Rate-Limit-Db-Query-Time-Max: 7200000
X-Rate-Limit-Db-Query-Time-Remaining: 7199990
X-Rate-Limit-Api-Key-Interval-Ms: 10000
X-Rate-Limit-Api-Key-Max: 300
X-Rate-Limit-Api-Key-Remaining: 299
X-Rate-Limit-Member-Interval-Ms: 10000
X-Rate-Limit-Member-Max: 375
X-Rate-Limit-Member-Remaining: 374
X-Server-Time: 1691942848904
Server: AtlassianEdge
X-Content-Type-Options: nosniff
X-Xss-Protection: 1; mode=block
Atl-Traceid: ae0e0d3a85e6150b
Report-To: {"endpoints": [{"url": "https://dz8aopenkvv6s.cloudfront.net"}], "group": "endpoint-1", "include_subdomains": true, "max_age": 600}
Nel: {"failure_fraction": 0.001, "include_subdomains": true, "max_age": 600, "report_to": "endpoint-1"}
Strict-Transport-Security: max-age=63072000; preload

{
    "id": "64d7a4c5f34844145d9f5dab",
    "name": "APIBoard",
    "desc": "",
    "descData": null,
    "closed": false,
    "idOrganization": "64d600b0dcaec87865dff9b3",
    "idEnterprise": null,
    "pinned": false,
    "url": "https://trello.com/b/22riDrfq/apiboard",
    "shortUrl": "https://trello.com/b/22riDrfq",
    "prefs": {
        "permissionLevel": "org",
        "hideVotes": false,
        "voting": "disabled",
        "comments": "members",
        "invitations": "members",
        "selfJoin": true,
        "cardCovers": true,
        "isTemplate": false,
        "cardAging": "regular",
        "calendarFeedEnabled": false,
        "hiddenPluginBoardButtons": [
            
        ],
        "switcherViews": [
            {
                "viewType": "Board",
                "enabled": true
            },
            {
                "viewType": "Table",
                "enabled": true
            },
            {
                "viewType": "Calendar",
                "enabled": false
            },
            {
                "viewType": "Dashboard",
                "enabled": false
            },
            {
                "viewType": "Timeline",
                "enabled": false
            },
            {
                "viewType": "Map",
                "enabled": false
            }
        ],
        "background": "64d7984704b6a2e5db74f14a",
        "backgroundColor": null,
        "backgroundImage": "https://trello-backgrounds.s3.amazonaws.com/SharedBackground/original/6dd3f85ed077e0e95a464ef6de2f7c5b/photo-1667850132998-013f89c6aec4",
        "backgroundImageScaled": [
            {
                "width": 140,
                "height": 93,
                "url": "https://trello-backgrounds.s3.amazonaws.com/SharedBackground/140x93/edb6948e22cd226254c2846b2174b845/photo-1667850132998-013f89c6aec4.jpg"
            },
            {
                "width": 256,
                "height": 171,
                "url": "https://trello-backgrounds.s3.amazonaws.com/SharedBackground/256x171/edb6948e22cd226254c2846b2174b845/photo-1667850132998-013f89c6aec4.jpg"
            },
            {
                "width": 480,
                "height": 320,
                "url": "https://trello-backgrounds.s3.amazonaws.com/SharedBackground/480x320/edb6948e22cd226254c2846b2174b845/photo-1667850132998-013f89c6aec4.jpg"
            },
            {
                "width": 960,
                "height": 640,
                "url": "https://trello-backgrounds.s3.amazonaws.com/SharedBackground/960x640/edb6948e22cd226254c2846b2174b845/photo-1667850132998-013f89c6aec4.jpg"
            },
            {
                "width": 1024,
                "height": 683,
                "url": "https://trello-backgrounds.s3.amazonaws.com/SharedBackground/1024x683/edb6948e22cd226254c2846b2174b845/photo-1667850132998-013f89c6aec4.jpg"
            },
            {
                "width": 1280,
                "height": 854,
                "url": "https://trello-backgrounds.s3.amazonaws.com/SharedBackground/1280x854/edb6948e22cd226254c2846b2174b845/photo-1667850132998-013f89c6aec4.jpg"
            },
            {
                "width": 1920,
                "height": 1280,
                "url": "https://trello-backgrounds.s3.amazonaws.com/SharedBackground/1920x1280/edb6948e22cd226254c2846b2174b845/photo-1667850132998-013f89c6aec4.jpg"
            },
            {
                "width": 2048,
                "height": 1366,
                "url": "https://trello-backgrounds.s3.amazonaws.com/SharedBackground/2048x1366/edb6948e22cd226254c2846b2174b845/photo-1667850132998-013f89c6aec4.jpg"
            },
            {
                "width": 2400,
                "height": 1600,
                "url": "https://trello-backgrounds.s3.amazonaws.com/SharedBackground/2400x1600/edb6948e22cd226254c2846b2174b845/photo-1667850132998-013f89c6aec4.jpg"
            },
            {
                "width": 2560,
                "height": 1707,
                "url": "https://trello-backgrounds.s3.amazonaws.com/SharedBackground/original/6dd3f85ed077e0e95a464ef6de2f7c5b/photo-1667850132998-013f89c6aec4"
            }
        ],
        "backgroundTile": false,
        "backgroundBrightness": "dark",
        "backgroundBottomColor": "#56535a",
        "backgroundTopColor": "#cdced8",
        "canBePublic": true,
        "canBeEnterprise": true,
        "canBeOrg": true,
        "canBePrivate": true,
        "canInvite": true
    },
    "labelNames": {
        "green": "",
        "yellow": "",
        "orange": "",
        "red": "",
        "purple": "",
        "blue": "",
        "sky": "",
        "lime": "",
        "pink": "",
        "black": "",
        "green_dark": "",
        "yellow_dark": "",
        "orange_dark": "",
        "red_dark": "",
        "purple_dark": "",
        "blue_dark": "",
        "sky_dark": "",
        "lime_dark": "",
        "pink_dark": "",
        "black_dark": "",
        "green_light": "",
        "yellow_light": "",
        "orange_light": "",
        "red_light": "",
        "purple_light": "",
        "blue_light": "",
        "sky_light": "",
        "lime_light": "",
        "pink_light": "",
        "black_light": ""
    }
}
  &amp#27;[32mAnd &amp#27;[0m&amp#27;[32mverify status line code should be &amp#27;[0m&amp#27;[32m&amp#27;[1m"HTTP/1.1 200 OK"&amp#27;[0m                                    &amp#27;[90m# stepDefination.trelloAPISteps.verifyStatusLineCode(java.lang.String)&amp#27;[0m
  &amp#27;[32mAnd &amp#27;[0m&amp#27;[32mverify response should have &amp#27;[0m&amp#27;[32m&amp#27;[1m"Content-Type"&amp#27;[0m&amp#27;[32m header as &amp#27;[0m&amp#27;[32m&amp#27;[1m"application/json; charset=utf-8"&amp#27;[0m &amp#27;[90m# stepDefination.trelloAPISteps.verifyResponseHeader(java.lang.String,java.lang.String)&amp#27;[0m
  &amp#27;[32mAnd &amp#27;[0m&amp#27;[32mverify response body should show correct ID&amp#27;[0m                                            &amp#27;[90m# stepDefination.trelloAPISteps.verifyResponseBoardID()&amp#27;[0m
Response time685
  &amp#27;[32mAnd &amp#27;[0m&amp#27;[32mverify response time is less than &amp#27;[0m&amp#27;[32m&amp#27;[1m900&amp#27;[0m&amp#27;[32m ms&amp#27;[0m                                               &amp#27;[90m# stepDefination.trelloAPISteps.verifyResponseTime(int)&amp#27;[0m
  &amp#27;[32mAnd &amp#27;[0m&amp#27;[32mverify the response schema&amp#27;[0m                                                             &amp#27;[90m# stepDefination.trelloAPISteps.verifyJsonSchema()&amp#27;[0m
]]></system-out>
  </testcase>
  <testcase name="runScenario[&quot;Create a Trello Board&quot;, &quot;Optional[Trello Board API Automation]&quot;](2)" classname="Runner.TestRunner" time="6.033">
    <system-out><![CDATA[
@order2
Scenario: Create a Trello Board                       &amp#27;[90m# features/trelloApi.feature:15&amp#27;[0m
boardName     Automation1
  &amp#27;[32mGiven &amp#27;[0m&amp#27;[32mI want to Board with &amp#27;[0m&amp#27;[32m&amp#27;[1m"Automation1"&amp#27;[0m&amp#27;[32m name&amp#27;[0m       &amp#27;[90m# stepDefination.trelloAPISteps.i_want_to_create_board_with_name(java.lang.String)&amp#27;[0m
  &amp#27;[32mWhen &amp#27;[0m&amp#27;[32mI send a POST request to Trello API&amp#27;[0m            &amp#27;[90m# stepDefination.trelloAPISteps.createBoard()&amp#27;[0m
  &amp#27;[32mThen &amp#27;[0m&amp#27;[32mverify response status should be &amp#27;[0m&amp#27;[32m&amp#27;[1m200&amp#27;[0m           &amp#27;[90m# stepDefination.trelloAPISteps.verifyStatusCode(int)&amp#27;[0m
  &amp#27;[32mAnd &amp#27;[0m&amp#27;[32mverify response body contains the board id&amp#27;[0m      &amp#27;[90m# stepDefination.trelloAPISteps.verify_response_body_contains_the_board_id()&amp#27;[0m
  &amp#27;[32mAnd &amp#27;[0m&amp#27;[32mverify board is created with &amp#27;[0m&amp#27;[32m&amp#27;[1m"Automation1"&amp#27;[0m&amp#27;[32m name&amp#27;[0m &amp#27;[90m# stepDefination.trelloAPISteps.verify_board_is_created_with_name(java.lang.String)&amp#27;[0m
]]></system-out>
  </testcase>
  <testcase name="runScenario[&quot;Delete the created trello board&quot;, &quot;Optional[Trello Board API Automation]&quot;](3)" classname="Runner.TestRunner" time="6.723">
    <system-out><![CDATA[
@order3
Scenario: Delete the created trello board        &amp#27;[90m# features/trelloApi.feature:23&amp#27;[0m
boardName     Automation1
  &amp#27;[32mGiven &amp#27;[0m&amp#27;[32mI want to Board with &amp#27;[0m&amp#27;[32m&amp#27;[1m"Automation1"&amp#27;[0m&amp#27;[32m name&amp#27;[0m  &amp#27;[90m# stepDefination.trelloAPISteps.i_want_to_create_board_with_name(java.lang.String)&amp#27;[0m
Response body https://api.trello.com/1/boards/64d8ffcc7f27bce6cc563910
  &amp#27;[32mWhen &amp#27;[0m&amp#27;[32mI send a DELETE request to the Trello API&amp#27;[0m &amp#27;[90m# stepDefination.trelloAPISteps.sendDeleteRequest()&amp#27;[0m
  &amp#27;[32mThen &amp#27;[0m&amp#27;[32mverify response status should be &amp#27;[0m&amp#27;[32m&amp#27;[1m200&amp#27;[0m      &amp#27;[90m# stepDefination.trelloAPISteps.verifyStatusCode(int)&amp#27;[0m
  &amp#27;[32mAnd &amp#27;[0m&amp#27;[32mVerify the delete response body&amp#27;[0m            &amp#27;[90m# stepDefination.trelloAPISteps.verifyDeletedBody()&amp#27;[0m
]]></system-out>
  </testcase>
</testsuite>